<?xml version="1.0" encoding="UTF-8"?>
<!-- Generated by org.testng.reporters.JUnitXMLReporter -->
<testsuite hostname="LAPTOP-RJ7TOR0I" ignored="0" name="Default test" tests="10" failures="0" timestamp="2021-12-28T15:48:21 IST" time="257.643" errors="0">
  <testcase name="validateFeedsNameAfterFiltersWithSearchTypeAsContains" time="20.184" classname="com.ecore.qa.testcases.FeedsPageTest"/>
  <testcase name="validateFeedsNameAfterFiltersWithSearchTypeAsBeginsWith" time="23.054" classname="com.ecore.qa.testcases.FeedsPageTest"/>
  <testcase name="validateFeedsNameAfterFiltersWithSearchTypeAsEndsWith" time="18.602" classname="com.ecore.qa.testcases.FeedsPageTest"/>
  <testcase name="validateFeedsNameAfterFiltersWithSearchTypeAsExactMatch" time="22.491" classname="com.ecore.qa.testcases.FeedsPageTest"/>
  <testcase name="validateFeedAfterFiltersWithSelectUsersAsClubOwner" time="23.585" classname="com.ecore.qa.testcases.FeedsPageTest"/>
  <testcase name="validateFeedAfterFiltersWithSelectUsersAsAdmin" time="24.279" classname="com.ecore.qa.testcases.FeedsPageTest"/>
  <testcase name="validateFeedsAfterFilterWithPublishedOn" time="27.39" classname="com.ecore.qa.testcases.FeedsPageTest"/>
  <testcase name="validateFeedsNameAfterSearchingWithFeedName" time="15.83" classname="com.ecore.qa.testcases.FeedsPageTest"/>
  <testcase name="validatePostedByAfterSearchWithPostedBy" time="18.948" classname="com.ecore.qa.testcases.FeedsPageTest"/>
  <testcase name="validateUserTypeAfterSearchWithUserType" time="17.954" classname="com.ecore.qa.testcases.FeedsPageTest"/>
</testsuite> <!-- Default test -->
