<?xml version="1.0" encoding="UTF-8"?>
<!-- Generated by org.testng.reporters.JUnitXMLReporter -->
<testsuite hostname="LAPTOP-RJ7TOR0I" ignored="0" name="Test" tests="42" failures="0" timestamp="2021-12-27T19:40:00 IST" time="737.362" errors="0">
  <testcase name="loginPageTitleTest" time="0.014" classname="com.ecore.qa.testcases.LoginPageTest"/>
  <testcase name="loginWithInvalidEmailOrPassword" time="0.735" classname="com.ecore.qa.testcases.LoginPageTest"/>
  <testcase name="loginWithValidEmailAndPassword" time="8.918" classname="com.ecore.qa.testcases.LoginPageTest"/>
  <testcase name="validateUserNameAfterFiltersWithSearchTypeAsContains" time="16.475" classname="com.ecore.qa.testcases.UserPageTest"/>
  <testcase name="validateUserNameAfterFiltersWithSearchTypeAsBeginsWith" time="13.17" classname="com.ecore.qa.testcases.UserPageTest"/>
  <testcase name="validateUserNameAfterFiltersWithSearchTypeAsEndsWith" time="13.06" classname="com.ecore.qa.testcases.UserPageTest"/>
  <testcase name="validateUserNameAfterFiltersWithSearchTypeAsExactMatch" time="14.125" classname="com.ecore.qa.testcases.UserPageTest"/>
  <testcase name="validatePhoneNumberAfterFiltersWithSearchTypeAsContains" time="15.414" classname="com.ecore.qa.testcases.UserPageTest"/>
  <testcase name="validatePhoneNumberAfterFiltersWithSearchTypeAsBeginsWith" time="14.656" classname="com.ecore.qa.testcases.UserPageTest"/>
  <testcase name="validatePhoneNumberAfterFiltersWithSearchTypeAsEndsWith" time="15.179" classname="com.ecore.qa.testcases.UserPageTest"/>
  <testcase name="validatePhoneNumberAfterFiltersWithSearchTypeAsExatchMatch" time="17.546" classname="com.ecore.qa.testcases.UserPageTest"/>
  <testcase name="validateUsersAfterFiltersWithSelectUsersAsVisitor" time="14.865" classname="com.ecore.qa.testcases.UserPageTest"/>
  <testcase name="validateUsersAfterFiltersWithSelectUsersAsCustomer" time="15.049" classname="com.ecore.qa.testcases.UserPageTest"/>
  <testcase name="validateUsersAfterFiltersWithSelectUsersAsAmbassador" time="15.679" classname="com.ecore.qa.testcases.UserPageTest"/>
  <testcase name="validateUsersAfterFiltersWithSelectUsersAsGuide" time="16.776" classname="com.ecore.qa.testcases.UserPageTest"/>
  <testcase name="validateUsersAfterFiltersWithSelectUsersAsAdmin" time="14.467" classname="com.ecore.qa.testcases.UserPageTest"/>
  <testcase name="validateIsBlockedUsersAfterFilterWithSelectYes" time="19.441" classname="com.ecore.qa.testcases.UserPageTest"/>
  <testcase name="validateIsBlockedUsersAfterFilterWithSelectNo" time="15.889" classname="com.ecore.qa.testcases.UserPageTest"/>
  <testcase name="validateDateOfUsersAfterFilterWithDateRange" time="23.125" classname="com.ecore.qa.testcases.UserPageTest"/>
  <testcase name="validateTenEntriesShownAfterSelectingTen" time="7.542" classname="com.ecore.qa.testcases.UserPageTest"/>
  <testcase name="validateTwentyFiveEntriesShownAfterSelectingTwentyFive" time="7.596" classname="com.ecore.qa.testcases.UserPageTest"/>
  <testcase name="validateFiftyEntriesShownAfterSelectingFifty" time="7.734" classname="com.ecore.qa.testcases.UserPageTest"/>
  <testcase name="validateHundredEntriesShownAfterSelectingHundred" time="7.9" classname="com.ecore.qa.testcases.UserPageTest"/>
  <testcase name="validateViewUserProfileDetails" time="17.112" classname="com.ecore.qa.testcases.UserPageTest"/>
  <testcase name="validateBlockedUser" time="17.24" classname="com.ecore.qa.testcases.UserPageTest"/>
  <testcase name="validateUnBlockedUser" time="17.157" classname="com.ecore.qa.testcases.UserPageTest"/>
  <testcase name="validateSearchWithPhoneNumer" time="10.021" classname="com.ecore.qa.testcases.UserPageTest"/>
  <testcase name="validateSearchWithName" time="9.886" classname="com.ecore.qa.testcases.UserPageTest"/>
  <testcase name="validateSearchWithDOB" time="9.854" classname="com.ecore.qa.testcases.UserPageTest"/>
  <testcase name="validateSearchWithReferral" time="9.84" classname="com.ecore.qa.testcases.UserPageTest"/>
  <testcase name="validateSearchWithJoiningReferral" time="9.653" classname="com.ecore.qa.testcases.UserPageTest"/>
  <testcase name="validateFeedsNameAfterFiltersWithSearchTypeAsContains" time="13.12" classname="com.ecore.qa.testcases.FeedsPageTest"/>
  <testcase name="validateFeedsNameAfterFiltersWithSearchTypeAsBeginsWith" time="13.339" classname="com.ecore.qa.testcases.FeedsPageTest"/>
  <testcase name="validateFeedsNameAfterFiltersWithSearchTypeAsEndsWith" time="13.74" classname="com.ecore.qa.testcases.FeedsPageTest"/>
  <testcase name="validateFeedsNameAfterFiltersWithSearchTypeAsExactMatch" time="13.534" classname="com.ecore.qa.testcases.FeedsPageTest"/>
  <testcase name="validateFeedAfterFiltersWithSelectUsersAsClubOwner" time="15.453" classname="com.ecore.qa.testcases.FeedsPageTest"/>
  <testcase name="validateFeedAfterFiltersWithSelectUsersAsAdmin" time="15.647" classname="com.ecore.qa.testcases.FeedsPageTest"/>
  <testcase name="validateFeedsAfterFilterWithPublishedOn" time="17.69" classname="com.ecore.qa.testcases.FeedsPageTest"/>
  <testcase name="validateEventsNameAfterFiltersWithSearchTypeAsContains" time="13.694" classname="com.ecore.qa.testcases.EventPageTest"/>
  <testcase name="validateEventsNameAfterFiltersWithSearchTypeAsBeginsWith" time="13.069" classname="com.ecore.qa.testcases.EventPageTest"/>
  <testcase name="validateEventsNameAfterFiltersWithSearchTypeAsEndsWith" time="13.531" classname="com.ecore.qa.testcases.EventPageTest"/>
  <testcase name="validateEventsNameAfterFiltersWithSearchTypeAsExactMatch" time="13.429" classname="com.ecore.qa.testcases.EventPageTest"/>
</testsuite> <!-- Test -->
